<?xml version="1.0" encoding="utf-8"?><testsuites><testsuite name="pytest" errors="0" failures="0" skipped="0" tests="3" time="49.677" timestamp="2021-04-28T20:36:06.668046" hostname="VaSharma2-MBP"><testcase classname="test_sptestcases.TestCases" name="test_addsupplier" time="19.813" /><testcase classname="test_sptestcases.TestCases" name="test_addsupplierwithdata[getsupplierdata0]" time="15.110" /><testcase classname="test_sptestcases.TestCases" name="test_addsupplierwithdata[getsupplierdata1]" time="14.714" /></testsuite></testsuites>